生成启动时间为 2019/7/23 21:04:20。
     1>项目“E:\IVLab\基于几何与材质建模的真实感渲染\BRDF系统搭建\系统硬件控制及软件编程\BRDFSystem\BRDFSystem\BRDFSystem.vcxproj”在节点 2 上(Rebuild 个目标)。
     1>CustomBuild:
         Moc'ing workerMeasurement.h...
         Moc'ing workerCCD.h...
         Moc'ing ccd.h...
         Moc'ing mainwindow.h...
         Uic'ing mainwindow.ui...
         Rcc'ing mainwindow.qrc...
     1>RCC : warning : No resources in 'E:\IVLab\鍩轰簬鍑犱綍涓庢潗璐ㄥ缓妯＄殑鐪熷疄鎰熸覆鏌揬BRDF绯荤粺鎼缓\绯荤粺纭欢鎺у埗鍙婅蒋浠剁紪绋媆BRDFSystem\BRDFSystem\mainwindow.qrc'.
         
       ClCompile:
         C:\Program Files (x86)\Microsoft Visual Studio 12.0\VC\bin\x86_amd64\CL.exe /c /I.\GeneratedFiles /I. /ID:\Qt\Qt_5.6.3_msvc2013_64\5.6.3\msvc2013_64\include /I.\GeneratedFiles\Debug /ID:\Qt\Qt_5.6.3_msvc2013_64\5.6.3\msvc2013_64\include\QtCore /ID:\Qt\Qt_5.6.3_msvc2013_64\5.6.3\msvc2013_64\include\QtGui /ID:\Qt\Qt_5.6.3_msvc2013_64\5.6.3\msvc2013_64\include\QtWidgets /Zi /nologo /W1 /WX- /Od /D UNICODE /D WIN32 /D WIN64 /D QT_DLL /D QT_CORE_LIB /D QT_GUI_LIB /D QT_WIDGETS_LIB /D _CRT_SECURE_NO_WARNINGS /D _UNICODE /D UNICODE /Gm- /EHsc /MDd /GS /fp:precise /Zc:wchar_t /Zc:forScope /Fo"x64\Debug\\" /Fd"x64\Debug\vc120.pdb" /Gd /TP /errorReport:prompt brdfModeling.cpp config.cpp GeneratedFiles\Debug\moc_ccd.cpp GeneratedFiles\Debug\moc_mainwindow.cpp GeneratedFiles\Debug\moc_workerCCD.cpp GeneratedFiles\Debug\moc_workerMeasurement.cpp imageProcess.cpp isp_test.cpp workerCCD.cpp ccd_test.cpp illuminant.cpp illuminant_test.cpp main.cpp mainwindow.cpp ccd.cpp modeling_test.cpp sampleComm.cpp sampleComm_test.cpp slideComm.cpp slideComm_test.cpp workerMeasurement.cpp
         brdfModeling.cpp
     1>E:\IVLab\基于几何与材质建模的真实感渲染\BRDF系统搭建\系统硬件控制及软件编程\BRDFSystem\BRDFSystem\dependences\OpenCV\opencv3.3.0\include\opencv2/core/mat.hpp(1918): warning C4819: 该文件包含不能在当前代码页(936)中表示的字符。请将该文件保存为 Unicode 格式以防止数据丢失
     1>E:\IVLab\基于几何与材质建模的真实感渲染\BRDF系统搭建\系统硬件控制及软件编程\BRDFSystem\BRDFSystem\dependences\OpenCV\opencv3.3.0\include\opencv2/core/persistence.hpp : warning C4819: 该文件包含不能在当前代码页(936)中表示的字符。请将该文件保存为 Unicode 格式以防止数据丢失
     1>E:\IVLab\基于几何与材质建模的真实感渲染\BRDF系统搭建\系统硬件控制及软件编程\BRDFSystem\BRDFSystem\dependences\OpenCV\opencv3.3.0\include\opencv2/core/utility.hpp : warning C4819: 该文件包含不能在当前代码页(936)中表示的字符。请将该文件保存为 Unicode 格式以防止数据丢失
         config.cpp
         moc_ccd.cpp
     1>E:\IVLab\基于几何与材质建模的真实感渲染\BRDF系统搭建\系统硬件控制及软件编程\BRDFSystem\BRDFSystem\dependences\OpenCV\opencv3.3.0\include\opencv2/core/mat.hpp(1918): warning C4819: 该文件包含不能在当前代码页(936)中表示的字符。请将该文件保存为 Unicode 格式以防止数据丢失
     1>E:\IVLab\基于几何与材质建模的真实感渲染\BRDF系统搭建\系统硬件控制及软件编程\BRDFSystem\BRDFSystem\dependences\OpenCV\opencv3.3.0\include\opencv2/core/persistence.hpp : warning C4819: 该文件包含不能在当前代码页(936)中表示的字符。请将该文件保存为 Unicode 格式以防止数据丢失
     1>E:\IVLab\基于几何与材质建模的真实感渲染\BRDF系统搭建\系统硬件控制及软件编程\BRDFSystem\BRDFSystem\dependences\OpenCV\opencv3.3.0\include\opencv2/core/utility.hpp : warning C4819: 该文件包含不能在当前代码页(936)中表示的字符。请将该文件保存为 Unicode 格式以防止数据丢失
         moc_mainwindow.cpp
     1>E:\IVLab\基于几何与材质建模的真实感渲染\BRDF系统搭建\系统硬件控制及软件编程\BRDFSystem\BRDFSystem\dependences\OpenCV\opencv3.3.0\include\opencv2/core/mat.hpp(1918): warning C4819: 该文件包含不能在当前代码页(936)中表示的字符。请将该文件保存为 Unicode 格式以防止数据丢失
     1>E:\IVLab\基于几何与材质建模的真实感渲染\BRDF系统搭建\系统硬件控制及软件编程\BRDFSystem\BRDFSystem\dependences\OpenCV\opencv3.3.0\include\opencv2/core/persistence.hpp : warning C4819: 该文件包含不能在当前代码页(936)中表示的字符。请将该文件保存为 Unicode 格式以防止数据丢失
     1>E:\IVLab\基于几何与材质建模的真实感渲染\BRDF系统搭建\系统硬件控制及软件编程\BRDFSystem\BRDFSystem\dependences\OpenCV\opencv3.3.0\include\opencv2/core/utility.hpp : warning C4819: 该文件包含不能在当前代码页(936)中表示的字符。请将该文件保存为 Unicode 格式以防止数据丢失
         moc_workerCCD.cpp
     1>E:\IVLab\基于几何与材质建模的真实感渲染\BRDF系统搭建\系统硬件控制及软件编程\BRDFSystem\BRDFSystem\dependences\OpenCV\opencv3.3.0\include\opencv2/core/mat.hpp(1918): warning C4819: 该文件包含不能在当前代码页(936)中表示的字符。请将该文件保存为 Unicode 格式以防止数据丢失
     1>E:\IVLab\基于几何与材质建模的真实感渲染\BRDF系统搭建\系统硬件控制及软件编程\BRDFSystem\BRDFSystem\dependences\OpenCV\opencv3.3.0\include\opencv2/core/persistence.hpp : warning C4819: 该文件包含不能在当前代码页(936)中表示的字符。请将该文件保存为 Unicode 格式以防止数据丢失
     1>E:\IVLab\基于几何与材质建模的真实感渲染\BRDF系统搭建\系统硬件控制及软件编程\BRDFSystem\BRDFSystem\dependences\OpenCV\opencv3.3.0\include\opencv2/core/utility.hpp : warning C4819: 该文件包含不能在当前代码页(936)中表示的字符。请将该文件保存为 Unicode 格式以防止数据丢失
         moc_workerMeasurement.cpp
     1>E:\IVLab\基于几何与材质建模的真实感渲染\BRDF系统搭建\系统硬件控制及软件编程\BRDFSystem\BRDFSystem\dependences\OpenCV\opencv3.3.0\include\opencv2/core/mat.hpp(1918): warning C4819: 该文件包含不能在当前代码页(936)中表示的字符。请将该文件保存为 Unicode 格式以防止数据丢失
     1>E:\IVLab\基于几何与材质建模的真实感渲染\BRDF系统搭建\系统硬件控制及软件编程\BRDFSystem\BRDFSystem\dependences\OpenCV\opencv3.3.0\include\opencv2/core/persistence.hpp : warning C4819: 该文件包含不能在当前代码页(936)中表示的字符。请将该文件保存为 Unicode 格式以防止数据丢失
     1>E:\IVLab\基于几何与材质建模的真实感渲染\BRDF系统搭建\系统硬件控制及软件编程\BRDFSystem\BRDFSystem\dependences\OpenCV\opencv3.3.0\include\opencv2/core/utility.hpp : warning C4819: 该文件包含不能在当前代码页(936)中表示的字符。请将该文件保存为 Unicode 格式以防止数据丢失
         imageProcess.cpp
     1>E:\IVLab\基于几何与材质建模的真实感渲染\BRDF系统搭建\系统硬件控制及软件编程\BRDFSystem\BRDFSystem\dependences\OpenCV\opencv3.3.0\include\opencv2/core/mat.hpp(1918): warning C4819: 该文件包含不能在当前代码页(936)中表示的字符。请将该文件保存为 Unicode 格式以防止数据丢失
     1>E:\IVLab\基于几何与材质建模的真实感渲染\BRDF系统搭建\系统硬件控制及软件编程\BRDFSystem\BRDFSystem\dependences\OpenCV\opencv3.3.0\include\opencv2/core/persistence.hpp : warning C4819: 该文件包含不能在当前代码页(936)中表示的字符。请将该文件保存为 Unicode 格式以防止数据丢失
     1>E:\IVLab\基于几何与材质建模的真实感渲染\BRDF系统搭建\系统硬件控制及软件编程\BRDFSystem\BRDFSystem\dependences\OpenCV\opencv3.3.0\include\opencv2/core/utility.hpp : warning C4819: 该文件包含不能在当前代码页(936)中表示的字符。请将该文件保存为 Unicode 格式以防止数据丢失
         isp_test.cpp
     1>E:\IVLab\基于几何与材质建模的真实感渲染\BRDF系统搭建\系统硬件控制及软件编程\BRDFSystem\BRDFSystem\dependences\OpenCV\opencv3.3.0\include\opencv2/core/mat.hpp(1918): warning C4819: 该文件包含不能在当前代码页(936)中表示的字符。请将该文件保存为 Unicode 格式以防止数据丢失
     1>E:\IVLab\基于几何与材质建模的真实感渲染\BRDF系统搭建\系统硬件控制及软件编程\BRDFSystem\BRDFSystem\dependences\OpenCV\opencv3.3.0\include\opencv2/core/persistence.hpp : warning C4819: 该文件包含不能在当前代码页(936)中表示的字符。请将该文件保存为 Unicode 格式以防止数据丢失
     1>E:\IVLab\基于几何与材质建模的真实感渲染\BRDF系统搭建\系统硬件控制及软件编程\BRDFSystem\BRDFSystem\dependences\OpenCV\opencv3.3.0\include\opencv2/core/utility.hpp : warning C4819: 该文件包含不能在当前代码页(936)中表示的字符。请将该文件保存为 Unicode 格式以防止数据丢失
         workerCCD.cpp
     1>E:\IVLab\基于几何与材质建模的真实感渲染\BRDF系统搭建\系统硬件控制及软件编程\BRDFSystem\BRDFSystem\dependences\OpenCV\opencv3.3.0\include\opencv2/core/mat.hpp(1918): warning C4819: 该文件包含不能在当前代码页(936)中表示的字符。请将该文件保存为 Unicode 格式以防止数据丢失
     1>E:\IVLab\基于几何与材质建模的真实感渲染\BRDF系统搭建\系统硬件控制及软件编程\BRDFSystem\BRDFSystem\dependences\OpenCV\opencv3.3.0\include\opencv2/core/persistence.hpp : warning C4819: 该文件包含不能在当前代码页(936)中表示的字符。请将该文件保存为 Unicode 格式以防止数据丢失
     1>E:\IVLab\基于几何与材质建模的真实感渲染\BRDF系统搭建\系统硬件控制及软件编程\BRDFSystem\BRDFSystem\dependences\OpenCV\opencv3.3.0\include\opencv2/core/utility.hpp : warning C4819: 该文件包含不能在当前代码页(936)中表示的字符。请将该文件保存为 Unicode 格式以防止数据丢失
         ccd_test.cpp
     1>E:\IVLab\基于几何与材质建模的真实感渲染\BRDF系统搭建\系统硬件控制及软件编程\BRDFSystem\BRDFSystem\dependences\OpenCV\opencv3.3.0\include\opencv2/core/mat.hpp(1918): warning C4819: 该文件包含不能在当前代码页(936)中表示的字符。请将该文件保存为 Unicode 格式以防止数据丢失
     1>E:\IVLab\基于几何与材质建模的真实感渲染\BRDF系统搭建\系统硬件控制及软件编程\BRDFSystem\BRDFSystem\dependences\OpenCV\opencv3.3.0\include\opencv2/core/persistence.hpp : warning C4819: 该文件包含不能在当前代码页(936)中表示的字符。请将该文件保存为 Unicode 格式以防止数据丢失
     1>E:\IVLab\基于几何与材质建模的真实感渲染\BRDF系统搭建\系统硬件控制及软件编程\BRDFSystem\BRDFSystem\dependences\OpenCV\opencv3.3.0\include\opencv2/core/utility.hpp : warning C4819: 该文件包含不能在当前代码页(936)中表示的字符。请将该文件保存为 Unicode 格式以防止数据丢失
         illuminant.cpp
         illuminant_test.cpp
         main.cpp
     1>E:\IVLab\基于几何与材质建模的真实感渲染\BRDF系统搭建\系统硬件控制及软件编程\BRDFSystem\BRDFSystem\dependences\OpenCV\opencv3.3.0\include\opencv2/core/mat.hpp(1918): warning C4819: 该文件包含不能在当前代码页(936)中表示的字符。请将该文件保存为 Unicode 格式以防止数据丢失
     1>E:\IVLab\基于几何与材质建模的真实感渲染\BRDF系统搭建\系统硬件控制及软件编程\BRDFSystem\BRDFSystem\dependences\OpenCV\opencv3.3.0\include\opencv2/core/persistence.hpp : warning C4819: 该文件包含不能在当前代码页(936)中表示的字符。请将该文件保存为 Unicode 格式以防止数据丢失
     1>E:\IVLab\基于几何与材质建模的真实感渲染\BRDF系统搭建\系统硬件控制及软件编程\BRDFSystem\BRDFSystem\dependences\OpenCV\opencv3.3.0\include\opencv2/core/utility.hpp : warning C4819: 该文件包含不能在当前代码页(936)中表示的字符。请将该文件保存为 Unicode 格式以防止数据丢失
         mainwindow.cpp
     1>E:\IVLab\基于几何与材质建模的真实感渲染\BRDF系统搭建\系统硬件控制及软件编程\BRDFSystem\BRDFSystem\dependences\OpenCV\opencv3.3.0\include\opencv2/core/mat.hpp(1918): warning C4819: 该文件包含不能在当前代码页(936)中表示的字符。请将该文件保存为 Unicode 格式以防止数据丢失
     1>E:\IVLab\基于几何与材质建模的真实感渲染\BRDF系统搭建\系统硬件控制及软件编程\BRDFSystem\BRDFSystem\dependences\OpenCV\opencv3.3.0\include\opencv2/core/persistence.hpp : warning C4819: 该文件包含不能在当前代码页(936)中表示的字符。请将该文件保存为 Unicode 格式以防止数据丢失
     1>E:\IVLab\基于几何与材质建模的真实感渲染\BRDF系统搭建\系统硬件控制及软件编程\BRDFSystem\BRDFSystem\dependences\OpenCV\opencv3.3.0\include\opencv2/core/utility.hpp : warning C4819: 该文件包含不能在当前代码页(936)中表示的字符。请将该文件保存为 Unicode 格式以防止数据丢失
         ccd.cpp
     1>E:\IVLab\基于几何与材质建模的真实感渲染\BRDF系统搭建\系统硬件控制及软件编程\BRDFSystem\BRDFSystem\dependences\OpenCV\opencv3.3.0\include\opencv2/core/mat.hpp(1918): warning C4819: 该文件包含不能在当前代码页(936)中表示的字符。请将该文件保存为 Unicode 格式以防止数据丢失
     1>E:\IVLab\基于几何与材质建模的真实感渲染\BRDF系统搭建\系统硬件控制及软件编程\BRDFSystem\BRDFSystem\dependences\OpenCV\opencv3.3.0\include\opencv2/core/persistence.hpp : warning C4819: 该文件包含不能在当前代码页(936)中表示的字符。请将该文件保存为 Unicode 格式以防止数据丢失
     1>E:\IVLab\基于几何与材质建模的真实感渲染\BRDF系统搭建\系统硬件控制及软件编程\BRDFSystem\BRDFSystem\dependences\OpenCV\opencv3.3.0\include\opencv2/core/utility.hpp : warning C4819: 该文件包含不能在当前代码页(936)中表示的字符。请将该文件保存为 Unicode 格式以防止数据丢失
         modeling_test.cpp
     1>E:\IVLab\基于几何与材质建模的真实感渲染\BRDF系统搭建\系统硬件控制及软件编程\BRDFSystem\BRDFSystem\dependences\OpenCV\opencv3.3.0\include\opencv2/core/mat.hpp(1918): warning C4819: 该文件包含不能在当前代码页(936)中表示的字符。请将该文件保存为 Unicode 格式以防止数据丢失
     1>E:\IVLab\基于几何与材质建模的真实感渲染\BRDF系统搭建\系统硬件控制及软件编程\BRDFSystem\BRDFSystem\dependences\OpenCV\opencv3.3.0\include\opencv2/core/persistence.hpp : warning C4819: 该文件包含不能在当前代码页(936)中表示的字符。请将该文件保存为 Unicode 格式以防止数据丢失
     1>E:\IVLab\基于几何与材质建模的真实感渲染\BRDF系统搭建\系统硬件控制及软件编程\BRDFSystem\BRDFSystem\dependences\OpenCV\opencv3.3.0\include\opencv2/core/utility.hpp : warning C4819: 该文件包含不能在当前代码页(936)中表示的字符。请将该文件保存为 Unicode 格式以防止数据丢失
         sampleComm.cpp
         sampleComm_test.cpp
         slideComm.cpp
         slideComm_test.cpp
         正在生成代码...
     1>e:\ivlab\基于几何与材质建模的真实感渲染\brdf系统搭建\系统硬件控制及软件编程\brdfsystem\brdfsystem\imageprocess.cpp(246): warning C4700: 使用了未初始化的局部变量“i”
         正在编译...
         workerMeasurement.cpp
     1>E:\IVLab\基于几何与材质建模的真实感渲染\BRDF系统搭建\系统硬件控制及软件编程\BRDFSystem\BRDFSystem\dependences\OpenCV\opencv3.3.0\include\opencv2/core/mat.hpp(1918): warning C4819: 该文件包含不能在当前代码页(936)中表示的字符。请将该文件保存为 Unicode 格式以防止数据丢失
     1>E:\IVLab\基于几何与材质建模的真实感渲染\BRDF系统搭建\系统硬件控制及软件编程\BRDFSystem\BRDFSystem\dependences\OpenCV\opencv3.3.0\include\opencv2/core/persistence.hpp : warning C4819: 该文件包含不能在当前代码页(936)中表示的字符。请将该文件保存为 Unicode 格式以防止数据丢失
     1>E:\IVLab\基于几何与材质建模的真实感渲染\BRDF系统搭建\系统硬件控制及软件编程\BRDFSystem\BRDFSystem\dependences\OpenCV\opencv3.3.0\include\opencv2/core/utility.hpp : warning C4819: 该文件包含不能在当前代码页(936)中表示的字符。请将该文件保存为 Unicode 格式以防止数据丢失
         正在生成代码...
         C:\Program Files (x86)\Microsoft Visual Studio 12.0\VC\bin\x86_amd64\CL.exe /c /I.\GeneratedFiles /I. /ID:\Qt\Qt_5.6.3_msvc2013_64\5.6.3\msvc2013_64\include /I.\GeneratedFiles\Debug /ID:\Qt\Qt_5.6.3_msvc2013_64\5.6.3\msvc2013_64\include\QtCore /ID:\Qt\Qt_5.6.3_msvc2013_64\5.6.3\msvc2013_64\include\QtGui /ID:\Qt\Qt_5.6.3_msvc2013_64\5.6.3\msvc2013_64\include\QtWidgets /Zi /nologo /W1 /WX- /Od /D UNICODE /D WIN32 /D WIN64 /D QT_DLL /D QT_CORE_LIB /D QT_GUI_LIB /D QT_WIDGETS_LIB /D _CRT_SECURE_NO_WARNINGS /D _UNICODE /D UNICODE /Gm- /EHsc /MDd /GS /fp:precise /Zc:wchar_t /Zc:forScope /Fo"x64\Debug\\" /Fd"x64\Debug\vc120.pdb" /Gd /TP /errorReport:prompt GeneratedFiles\qrc_mainwindow.cpp
         qrc_mainwindow.cpp
       Link:
         C:\Program Files (x86)\Microsoft Visual Studio 12.0\VC\bin\x86_amd64\link.exe /ERRORREPORT:PROMPT /OUT:"E:\IVLab\基于几何与材质建模的真实感渲染\BRDF系统搭建\系统硬件控制及软件编程\BRDFSystem\x64\Debug\\BRDFSystem.exe" /NOLOGO /LIBPATH:D:\Qt\Qt_5.6.3_msvc2013_64\5.6.3\msvc2013_64\lib qtmaind.lib Qt5Cored.lib Qt5Guid.lib Qt5Widgetsd.lib opencv_ts300.lib opencv_ts300d.lib opencv_world300.lib opencv_world300d.lib VimbaC.lib VimbaCPP.lib VimbaImageTransform.lib EDSDK.lib ServoRs232Comm.lib lapack.lib blas.lib f2c.lib tmglib.lib levmar.lib kernel32.lib user32.lib gdi32.lib winspool.lib comdlg32.lib advapi32.lib shell32.lib ole32.lib oleaut32.lib uuid.lib odbc32.lib odbccp32.lib /MANIFEST /MANIFESTUAC:"level='asInvoker' uiAccess='false'" /manifest:embed /DEBUG /PDB:"E:\IVLab\基于几何与材质建模的真实感渲染\BRDF系统搭建\系统硬件控制及软件编程\BRDFSystem\x64\Debug\BRDFSystem.pdb" /SUBSYSTEM:WINDOWS /TLBID:1 /DYNAMICBASE /NXCOMPAT /IMPLIB:"E:\IVLab\基于几何与材质建模的真实感渲染\BRDF系统搭建\系统硬件控制及软件编程\BRDFSystem\x64\Debug\BRDFSystem.lib" /MACHINE:X64 /NODEFAULTLIB:msvcrt.lib x64\Debug\brdfModeling.obj
         x64\Debug\config.obj
         x64\Debug\moc_ccd.obj
         x64\Debug\moc_mainwindow.obj
         x64\Debug\moc_workerCCD.obj
         x64\Debug\moc_workerMeasurement.obj
         x64\Debug\qrc_mainwindow.obj
         x64\Debug\imageProcess.obj
         x64\Debug\isp_test.obj
         x64\Debug\workerCCD.obj
         x64\Debug\ccd_test.obj
         x64\Debug\illuminant.obj
         x64\Debug\illuminant_test.obj
         x64\Debug\main.obj
         x64\Debug\mainwindow.obj
         x64\Debug\ccd.obj
         x64\Debug\modeling_test.obj
         x64\Debug\sampleComm.obj
         x64\Debug\sampleComm_test.obj
         x64\Debug\slideComm.obj
         x64\Debug\slideComm_test.obj
         x64\Debug\workerMeasurement.obj
         BRDFSystem.vcxproj -> E:\IVLab\基于几何与材质建模的真实感渲染\BRDF系统搭建\系统硬件控制及软件编程\BRDFSystem\x64\Debug\BRDFSystem.exe
     1>已完成生成项目“E:\IVLab\基于几何与材质建模的真实感渲染\BRDF系统搭建\系统硬件控制及软件编程\BRDFSystem\BRDFSystem\BRDFSystem.vcxproj”(Rebuild 个目标)的操作。

生成成功。

已用时间 00:00:38.84
