f:\brdfs_newest\brdfsystem\brdfsystem\x64\debug\vc120.pdb
f:\brdfs_newest\brdfsystem\brdfsystem\x64\debug\workermeasurement.obj
f:\brdfs_newest\brdfsystem\brdfsystem\x64\debug\slidecomm_test.obj
f:\brdfs_newest\brdfsystem\brdfsystem\x64\debug\slidecomm.obj
f:\brdfs_newest\brdfsystem\brdfsystem\x64\debug\samplecomm_test.obj
f:\brdfs_newest\brdfsystem\brdfsystem\x64\debug\samplecomm.obj
f:\brdfs_newest\brdfsystem\brdfsystem\x64\debug\modeling_test.obj
f:\brdfs_newest\brdfsystem\brdfsystem\x64\debug\ccd.obj
f:\brdfs_newest\brdfsystem\brdfsystem\x64\debug\mainwindow.obj
f:\brdfs_newest\brdfsystem\brdfsystem\x64\debug\main.obj
f:\brdfs_newest\brdfsystem\brdfsystem\x64\debug\illuminant_test.obj
f:\brdfs_newest\brdfsystem\brdfsystem\x64\debug\illuminant.obj
f:\brdfs_newest\brdfsystem\brdfsystem\x64\debug\ccd_test.obj
f:\brdfs_newest\brdfsystem\brdfsystem\x64\debug\workerccd.obj
f:\brdfs_newest\brdfsystem\brdfsystem\x64\debug\whitebalance_test.obj
f:\brdfs_newest\brdfsystem\brdfsystem\x64\debug\moc_workermeasurement.obj
f:\brdfs_newest\brdfsystem\brdfsystem\x64\debug\moc_workerccd.obj
f:\brdfs_newest\brdfsystem\brdfsystem\x64\debug\moc_mainwindow.obj
f:\brdfs_newest\brdfsystem\brdfsystem\x64\debug\brdfmodeling.obj
f:\brdfs_newest\brdfsystem\brdfsystem\x64\debug\qrc_mainwindow.obj
f:\brdfs_newest\brdfsystem\brdfsystem\generatedfiles\debug\moc_workermeasurement.cpp
f:\brdfs_newest\brdfsystem\brdfsystem\generatedfiles\debug\moc_workerccd.cpp
f:\brdfs_newest\brdfsystem\brdfsystem\generatedfiles\debug\moc_mainwindow.cpp
f:\brdfs_newest\brdfsystem\brdfsystem\generatedfiles\qrc_mainwindow.cpp
f:\brdfs_newest\brdfsystem\brdfsystem\generatedfiles\ui_mainwindow.h
f:\brdfs_newest\brdfsystem\x64\debug\brdfsystem.ilk
f:\brdfs_newest\brdfsystem\x64\debug\brdfsystem.exe
f:\brdfs_newest\brdfsystem\x64\debug\brdfsystem.pdb
f:\brdfs_newest\brdfsystem\brdfsystem\x64\debug\brdfsystem.tlog\cl.command.1.tlog
f:\brdfs_newest\brdfsystem\brdfsystem\x64\debug\brdfsystem.tlog\cl.read.1.tlog
f:\brdfs_newest\brdfsystem\brdfsystem\x64\debug\brdfsystem.tlog\cl.write.1.tlog
f:\brdfs_newest\brdfsystem\brdfsystem\x64\debug\brdfsystem.tlog\custombuild.command.1.tlog
f:\brdfs_newest\brdfsystem\brdfsystem\x64\debug\brdfsystem.tlog\custombuild.read.1.tlog
f:\brdfs_newest\brdfsystem\brdfsystem\x64\debug\brdfsystem.tlog\custombuild.write.1.tlog
f:\brdfs_newest\brdfsystem\brdfsystem\x64\debug\brdfsystem.tlog\link.command.1.tlog
f:\brdfs_newest\brdfsystem\brdfsystem\x64\debug\brdfsystem.tlog\link.read.1.tlog
f:\brdfs_newest\brdfsystem\brdfsystem\x64\debug\brdfsystem.tlog\link.write.1.tlog
