生成启动时间为 2019/6/11 15:55:36。
     1>项目“E:\IVLab\基于几何与材质建模的真实感渲染\BRDF系统搭建\系统硬件控制及软件编程\BRDFSystem\BRDFSystem\dependences\ServoMotor\ServoRs232Comm\ServoRs232Comm\ServoRs232Comm.vcxproj”在节点 2 上(Rebuild 个目标)。
     1>ClCompile:
         C:\Program Files (x86)\Microsoft Visual Studio 12.0\VC\bin\x86_amd64\CL.exe /c /Zi /nologo /W3 /WX- /sdl /O2 /Oi /GL /D WIN32 /D _CRT_SECURE_NO_DEPRECATE /D _SCL_SECURE_NO_DEPRECATE /D NO_WARN_MBCS_MFC_DEPRECATION /D NDEBUG /D _WINDOWS /D SERVORS232COMM_EXPORTS /D _WINDLL /D _MBCS /Gm- /EHsc /MT /GS /Gy /fp:precise /Zc:wchar_t /Zc:forScope /Yc"stdafx.h" /Fp"x64\Release\ServoRs232Comm.pch" /Fo"x64\Release\\" /Fd"x64\Release\vc120.pdb" /Gd /TP /errorReport:prompt /D _CRT_SECURE_NO_WARNINGS stdafx.cpp
         stdafx.cpp
         C:\Program Files (x86)\Microsoft Visual Studio 12.0\VC\bin\x86_amd64\CL.exe /c /Zi /nologo /W3 /WX- /sdl /O2 /Oi /GL /D WIN32 /D _CRT_SECURE_NO_DEPRECATE /D _SCL_SECURE_NO_DEPRECATE /D NO_WARN_MBCS_MFC_DEPRECATION /D NDEBUG /D _WINDOWS /D SERVORS232COMM_EXPORTS /D _WINDLL /D _MBCS /Gm- /EHsc /MT /GS /Gy /fp:precise /Zc:wchar_t /Zc:forScope /Fo"x64\Release\\" /Fd"x64\Release\vc120.pdb" /Gd /TP /errorReport:prompt /D _CRT_SECURE_NO_WARNINGS dllmain.cpp
         dllmain.cpp
         C:\Program Files (x86)\Microsoft Visual Studio 12.0\VC\bin\x86_amd64\CL.exe /c /Zi /nologo /W3 /WX- /sdl /O2 /Oi /GL /D WIN32 /D _CRT_SECURE_NO_DEPRECATE /D _SCL_SECURE_NO_DEPRECATE /D NO_WARN_MBCS_MFC_DEPRECATION /D NDEBUG /D _WINDOWS /D SERVORS232COMM_EXPORTS /D _WINDLL /D _MBCS /Gm- /EHsc /MT /GS /Gy /fp:precise /Zc:wchar_t /Zc:forScope /Yu"stdafx.h" /Fp"x64\Release\ServoRs232Comm.pch" /Fo"x64\Release\\" /Fd"x64\Release\vc120.pdb" /Gd /TP /errorReport:prompt /D _CRT_SECURE_NO_WARNINGS ServoRs232Comm.cpp
         ServoRs232Comm.cpp
       Link:
         C:\Program Files (x86)\Microsoft Visual Studio 12.0\VC\bin\x86_amd64\link.exe /ERRORREPORT:PROMPT /OUT:"E:\IVLab\基于几何与材质建模的真实感渲染\BRDF系统搭建\系统硬件控制及软件编程\BRDFSystem\BRDFSystem\dependences\ServoMotor\ServoRs232Comm\x64\Release\ServoRs232Comm.dll" /INCREMENTAL:NO /NOLOGO /MANIFEST /MANIFESTUAC:"level='asInvoker' uiAccess='false'" /manifest:embed /manifestinput:"C:\Program Files (x86)\Microsoft Visual Studio 12.0\VC\Include\Manifest\dpiaware.manifest" /DEBUG /PDB:"E:\IVLab\基于几何与材质建模的真实感渲染\BRDF系统搭建\系统硬件控制及软件编程\BRDFSystem\BRDFSystem\dependences\ServoMotor\ServoRs232Comm\x64\Release\ServoRs232Comm.pdb" /SUBSYSTEM:WINDOWS /OPT:REF /OPT:ICF /LTCG /TLBID:1 /DYNAMICBASE /NXCOMPAT /IMPLIB:"E:\IVLab\基于几何与材质建模的真实感渲染\BRDF系统搭建\系统硬件控制及软件编程\BRDFSystem\BRDFSystem\dependences\ServoMotor\ServoRs232Comm\x64\Release\ServoRs232Comm.lib" /MACHINE:X64 /DLL x64\Release\dllmain.obj
         x64\Release\ServoRs232Comm.obj
         x64\Release\stdafx.obj
            正在创建库 E:\IVLab\基于几何与材质建模的真实感渲染\BRDF系统搭建\系统硬件控制及软件编程\BRDFSystem\BRDFSystem\dependences\ServoMotor\ServoRs232Comm\x64\Release\ServoRs232Comm.lib 和对象 E:\IVLab\基于几何与材质建模的真实感渲染\BRDF系统搭建\系统硬件控制及软件编程\BRDFSystem\BRDFSystem\dependences\ServoMotor\ServoRs232Comm\x64\Release\ServoRs232Comm.exp
         正在生成代码
         已完成代码的生成
         ServoRs232Comm.vcxproj -> E:\IVLab\基于几何与材质建模的真实感渲染\BRDF系统搭建\系统硬件控制及软件编程\BRDFSystem\BRDFSystem\dependences\ServoMotor\ServoRs232Comm\x64\Release\ServoRs232Comm.dll
     1>已完成生成项目“E:\IVLab\基于几何与材质建模的真实感渲染\BRDF系统搭建\系统硬件控制及软件编程\BRDFSystem\BRDFSystem\dependences\ServoMotor\ServoRs232Comm\ServoRs232Comm\ServoRs232Comm.vcxproj”(Rebuild 个目标)的操作。

生成成功。

已用时间 00:00:06.63
